{"name":"Purchase failed","id":"buy-fail-book;purchase-failed","testSteps":[{"number":1,"description":"Given I am on demoQa page","duration":9739,"startTime":"2023-08-26T07:46:54.135776500-05:00[America/Bogota]","screenshots":[{"screenshot":"d7f2d2835fb14ddd35980f1ee2b54779d3bac916720a4e1928d13ff92cbbcf2d.png","timeStamp":1693054014596},{"screenshot":"d58bb5e8d9d8738afae0af4ae6bd2d797164a60c8a58191609cde6b0ee55a3fd.png","timeStamp":1693054023875}],"result":"SUCCESS","precondition":false,"level":0,"children":[{"number":2,"description":"Userautomation open browser task","duration":8797,"startTime":"2023-08-26T07:46:55.059197200-05:00[America/Bogota]","screenshots":[{"screenshot":"d7f2d2835fb14ddd35980f1ee2b54779d3bac916720a4e1928d13ff92cbbcf2d.png","timeStamp":1693054015394},{"screenshot":"d58bb5e8d9d8738afae0af4ae6bd2d797164a60c8a58191609cde6b0ee55a3fd.png","timeStamp":1693054023856}],"result":"SUCCESS","precondition":false,"level":1,"children":[{"number":3,"description":"userAutomation opens the https://demoqa.com/books","duration":8408,"startTime":"2023-08-26T07:46:55.421990-05:00[America/Bogota]","screenshots":[{"screenshot":"d7f2d2835fb14ddd35980f1ee2b54779d3bac916720a4e1928d13ff92cbbcf2d.png","timeStamp":1693054015439},{"screenshot":"d58bb5e8d9d8738afae0af4ae6bd2d797164a60c8a58191609cde6b0ee55a3fd.png","timeStamp":1693054023829}],"result":"SUCCESS","precondition":false,"level":2}]}]},{"number":4,"description":"When I submit username and password","duration":6273,"startTime":"2023-08-26T07:47:03.877726900-05:00[America/Bogota]","screenshots":[{"screenshot":"ff962a427b5f4dfb87fa5c34ce669433661304e6efc41cb5f7a6e83259eacaf1.png","timeStamp":1693054030151}],"result":"SUCCESS","precondition":false,"level":0,"children":[{"number":5,"description":"Userautomation login task","duration":5568,"startTime":"2023-08-26T07:47:04.568330800-05:00[America/Bogota]","screenshots":[{"screenshot":"ff962a427b5f4dfb87fa5c34ce669433661304e6efc41cb5f7a6e83259eacaf1.png","timeStamp":1693054030136}],"result":"SUCCESS","precondition":false,"level":1,"children":[{"number":6,"description":"userAutomation clicks on BUTTON LOGIN","duration":1727,"startTime":"2023-08-26T07:47:05.261189600-05:00[America/Bogota]","screenshots":[{"screenshot":"b7b3e08a212ab5319c36bf1ab6d56137c98cd1e49f36cef9b02f4e9b175a87ae.png","timeStamp":1693054025932},{"screenshot":"f713c6943e8f2d586c1219e122d3a1dacafc5b9ea0118aaf627571babaa11583.png","timeStamp":1693054026988}],"result":"SUCCESS","precondition":false,"level":2},{"number":7,"description":"userAutomation enters \u0027jefersonperez\u0027 into INPUT USERNAME","duration":1167,"startTime":"2023-08-26T07:47:07.010181400-05:00[America/Bogota]","screenshots":[{"screenshot":"f713c6943e8f2d586c1219e122d3a1dacafc5b9ea0118aaf627571babaa11583.png","timeStamp":1693054027030},{"screenshot":"824aed4eef031a694e4ac3624f35150982406195e78693110e11a0a6cb77cd4a.png","timeStamp":1693054028177}],"result":"SUCCESS","precondition":false,"level":2},{"number":8,"description":"userAutomation enters \u0027jefers@N10\u0027 into INPUT PASSWORD","duration":1034,"startTime":"2023-08-26T07:47:08.179494800-05:00[America/Bogota]","screenshots":[{"screenshot":"824aed4eef031a694e4ac3624f35150982406195e78693110e11a0a6cb77cd4a.png","timeStamp":1693054028195},{"screenshot":"3f62cf5047824268fad9b167086b0afae7570d52237bfee035f6575463b27567.png","timeStamp":1693054029213}],"result":"SUCCESS","precondition":false,"level":2},{"number":9,"description":"userAutomation clicks on BUTTON LOGIN","duration":903,"startTime":"2023-08-26T07:47:09.217899600-05:00[America/Bogota]","screenshots":[{"screenshot":"3f62cf5047824268fad9b167086b0afae7570d52237bfee035f6575463b27567.png","timeStamp":1693054029234},{"screenshot":"ff962a427b5f4dfb87fa5c34ce669433661304e6efc41cb5f7a6e83259eacaf1.png","timeStamp":1693054030121}],"result":"SUCCESS","precondition":false,"level":2}]}]},{"number":10,"description":"Then I should be logged in","duration":595,"startTime":"2023-08-26T07:47:10.153321700-05:00[America/Bogota]","screenshots":[{"screenshot":"ff962a427b5f4dfb87fa5c34ce669433661304e6efc41cb5f7a6e83259eacaf1.png","timeStamp":1693054030748}],"result":"SUCCESS","precondition":false,"level":0},{"number":11,"description":"Given I select a non existent book","duration":9129,"startTime":"2023-08-26T07:47:10.749983300-05:00[America/Bogota]","screenshots":[{"screenshot":"ff962a427b5f4dfb87fa5c34ce669433661304e6efc41cb5f7a6e83259eacaf1.png","timeStamp":1693054030764}],"exception":{"errorType":"net.thucydides.core.webdriver.exceptions.ElementShouldBeEnabledException","message":"Expected enabled element was not enabled","stackTrace":[{"classLoaderName":"app","declaringClass":"com.saucedemo.testing.tasks.buyBookFailedTask","methodName":"performAs","fileName":"buyBookFailedTask.java","lineNumber":33,"format":1},{"classLoaderName":"app","declaringClass":"com.saucedemo.testing.stepdefinitions.PurchaseItemStepDefinition","methodName":"iSelectANonExistentBook","fileName":"PurchaseItemStepDefinition.java","lineNumber":73,"format":1},{"classLoaderName":"app","declaringClass":"cucumber.runner.Runner","methodName":"runPickle","fileName":"Runner.java","lineNumber":80,"format":1}],"rootCause":{"errorType":"org.openqa.selenium.TimeoutException","message":"Expected condition failed: waiting for By.className: mr-2 to be enabled (tried for 5 second(s) with 100 milliseconds interval)","stackTrace":[{"classLoaderName":"app","declaringClass":"com.saucedemo.testing.tasks.buyBookFailedTask","methodName":"performAs","fileName":"buyBookFailedTask.java","lineNumber":33,"format":1},{"classLoaderName":"app","declaringClass":"com.saucedemo.testing.stepdefinitions.PurchaseItemStepDefinition","methodName":"iSelectANonExistentBook","fileName":"PurchaseItemStepDefinition.java","lineNumber":73,"format":1},{"classLoaderName":"app","declaringClass":"cucumber.runner.Runner","methodName":"runPickle","fileName":"Runner.java","lineNumber":80,"format":1}],"rootCause":{"errorType":"org.openqa.selenium.NoSuchElementException","message":"no such element: Unable to locate element: {\"method\":\"css selector\",\"selector\":\".mr\\-2\"}\n  (Session info: chrome\u003d115.0.5790.171)\nFor documentation on this error, please visit: https://www.seleniumhq.org/exceptions/no_such_element.html\nBuild info: version: \u00273.141.59\u0027, revision: \u0027e82be7d358\u0027, time: \u00272018-11-14T08:17:03\u0027\nSystem info: host: \u0027DESKTOP-CBCTA9F\u0027, ip: \u0027192.168.0.186\u0027, os.name: \u0027Windows 10\u0027, os.arch: \u0027amd64\u0027, os.version: \u002710.0\u0027, java.version: \u002711.0.20\u0027\nDriver info: org.openqa.selenium.chrome.ChromeDriver\nCapabilities {acceptInsecureCerts: false, browserName: chrome, browserVersion: 115.0.5790.171, chrome: {chromedriverVersion: 115.0.5790.170 (cc0d30c2ca5..., userDataDir: C:\\Users\\Windows\\AppData\\Lo...}, goog:chromeOptions: {debuggerAddress: localhost:52845}, javascriptEnabled: true, networkConnectionEnabled: false, pageLoadStrategy: normal, platform: WINDOWS, platformName: WINDOWS, proxy: Proxy(), setWindowRect: true, strictFileInteractability: false, timeouts: {implicit: 0, pageLoad: 300000, script: 30000}, unhandledPromptBehavior: dismiss and notify, webauthn:extension:credBlob: true, webauthn:extension:largeBlob: true, webauthn:extension:minPinLength: true, webauthn:extension:prf: true, webauthn:virtualAuthenticators: true}\nSession ID: 51f4abcd1af2b4d0a34dd5de594e929b\n*** Element info: {Using\u003dclass name, value\u003dmr-2}","stackTrace":[{"classLoaderName":"app","declaringClass":"com.saucedemo.testing.tasks.buyBookFailedTask","methodName":"performAs","fileName":"buyBookFailedTask.java","lineNumber":33,"format":1},{"classLoaderName":"app","declaringClass":"com.saucedemo.testing.stepdefinitions.PurchaseItemStepDefinition","methodName":"iSelectANonExistentBook","fileName":"PurchaseItemStepDefinition.java","lineNumber":73,"format":1},{"classLoaderName":"app","declaringClass":"cucumber.runner.Runner","methodName":"runPickle","fileName":"Runner.java","lineNumber":80,"format":1}]}}},"result":"FAILURE","precondition":false,"level":0,"children":[{"number":12,"description":"Userautomation buy book failed task","duration":9081,"startTime":"2023-08-26T07:47:10.770968500-05:00[America/Bogota]","screenshots":[{"screenshot":"ff962a427b5f4dfb87fa5c34ce669433661304e6efc41cb5f7a6e83259eacaf1.png","timeStamp":1693054030785}],"exception":{"errorType":"net.thucydides.core.webdriver.exceptions.ElementShouldBeEnabledException","message":"Expected enabled element was not enabled","stackTrace":[{"classLoaderName":"app","declaringClass":"com.saucedemo.testing.tasks.buyBookFailedTask","methodName":"performAs","fileName":"buyBookFailedTask.java","lineNumber":33,"format":1},{"classLoaderName":"app","declaringClass":"com.saucedemo.testing.stepdefinitions.PurchaseItemStepDefinition","methodName":"iSelectANonExistentBook","fileName":"PurchaseItemStepDefinition.java","lineNumber":73,"format":1},{"classLoaderName":"app","declaringClass":"cucumber.runner.Runner","methodName":"runPickle","fileName":"Runner.java","lineNumber":80,"format":1}],"rootCause":{"errorType":"org.openqa.selenium.TimeoutException","message":"Expected condition failed: waiting for By.className: mr-2 to be enabled (tried for 5 second(s) with 100 milliseconds interval)","stackTrace":[{"classLoaderName":"app","declaringClass":"com.saucedemo.testing.tasks.buyBookFailedTask","methodName":"performAs","fileName":"buyBookFailedTask.java","lineNumber":33,"format":1},{"classLoaderName":"app","declaringClass":"com.saucedemo.testing.stepdefinitions.PurchaseItemStepDefinition","methodName":"iSelectANonExistentBook","fileName":"PurchaseItemStepDefinition.java","lineNumber":73,"format":1},{"classLoaderName":"app","declaringClass":"cucumber.runner.Runner","methodName":"runPickle","fileName":"Runner.java","lineNumber":80,"format":1}],"rootCause":{"errorType":"org.openqa.selenium.NoSuchElementException","message":"no such element: Unable to locate element: {\"method\":\"css selector\",\"selector\":\".mr\\-2\"}\n  (Session info: chrome\u003d115.0.5790.171)\nFor documentation on this error, please visit: https://www.seleniumhq.org/exceptions/no_such_element.html\nBuild info: version: \u00273.141.59\u0027, revision: \u0027e82be7d358\u0027, time: \u00272018-11-14T08:17:03\u0027\nSystem info: host: \u0027DESKTOP-CBCTA9F\u0027, ip: \u0027192.168.0.186\u0027, os.name: \u0027Windows 10\u0027, os.arch: \u0027amd64\u0027, os.version: \u002710.0\u0027, java.version: \u002711.0.20\u0027\nDriver info: org.openqa.selenium.chrome.ChromeDriver\nCapabilities {acceptInsecureCerts: false, browserName: chrome, browserVersion: 115.0.5790.171, chrome: {chromedriverVersion: 115.0.5790.170 (cc0d30c2ca5..., userDataDir: C:\\Users\\Windows\\AppData\\Lo...}, goog:chromeOptions: {debuggerAddress: localhost:52845}, javascriptEnabled: true, networkConnectionEnabled: false, pageLoadStrategy: normal, platform: WINDOWS, platformName: WINDOWS, proxy: Proxy(), setWindowRect: true, strictFileInteractability: false, timeouts: {implicit: 0, pageLoad: 300000, script: 30000}, unhandledPromptBehavior: dismiss and notify, webauthn:extension:credBlob: true, webauthn:extension:largeBlob: true, webauthn:extension:minPinLength: true, webauthn:extension:prf: true, webauthn:virtualAuthenticators: true}\nSession ID: 51f4abcd1af2b4d0a34dd5de594e929b\n*** Element info: {Using\u003dclass name, value\u003dmr-2}","stackTrace":[{"classLoaderName":"app","declaringClass":"com.saucedemo.testing.tasks.buyBookFailedTask","methodName":"performAs","fileName":"buyBookFailedTask.java","lineNumber":33,"format":1},{"classLoaderName":"app","declaringClass":"com.saucedemo.testing.stepdefinitions.PurchaseItemStepDefinition","methodName":"iSelectANonExistentBook","fileName":"PurchaseItemStepDefinition.java","lineNumber":73,"format":1},{"classLoaderName":"app","declaringClass":"cucumber.runner.Runner","methodName":"runPickle","fileName":"Runner.java","lineNumber":80,"format":1}]}}},"result":"FAILURE","precondition":false,"level":1,"children":[{"number":13,"description":"userAutomation enters \u0027Harry Potter\u0027 into TXT SHARE BOOK","duration":1692,"startTime":"2023-08-26T07:47:10.818941300-05:00[America/Bogota]","screenshots":[{"screenshot":"ec570defad714da3f7cb5483312d445d4640eedb045d078b9adb12f5e4e7153e.png","timeStamp":1693054032511}],"result":"SUCCESS","precondition":false,"level":2},{"number":14,"description":"userAutomation clicks on Book List","duration":7312,"startTime":"2023-08-26T07:47:12.514769200-05:00[America/Bogota]","screenshots":[{"screenshot":"ec570defad714da3f7cb5483312d445d4640eedb045d078b9adb12f5e4e7153e.png","timeStamp":1693054032529},{"screenshot":"2ca34003a1f3feaaf55e7c48569d857a7233d3092d789dda4f4967cd534530a4.png","htmlSource":"pagesource12413466308133954460.html.txt","timeStamp":1693054039818}],"exception":{"errorType":"net.thucydides.core.webdriver.exceptions.ElementShouldBeEnabledException","message":"Expected enabled element was not enabled","stackTrace":[{"classLoaderName":"app","declaringClass":"com.saucedemo.testing.tasks.buyBookFailedTask","methodName":"performAs","fileName":"buyBookFailedTask.java","lineNumber":33,"format":1},{"classLoaderName":"app","declaringClass":"com.saucedemo.testing.stepdefinitions.PurchaseItemStepDefinition","methodName":"iSelectANonExistentBook","fileName":"PurchaseItemStepDefinition.java","lineNumber":73,"format":1},{"classLoaderName":"app","declaringClass":"cucumber.runner.Runner","methodName":"runPickle","fileName":"Runner.java","lineNumber":80,"format":1}],"rootCause":{"errorType":"org.openqa.selenium.TimeoutException","message":"Expected condition failed: waiting for By.className: mr-2 to be enabled (tried for 5 second(s) with 100 milliseconds interval)","stackTrace":[{"classLoaderName":"app","declaringClass":"com.saucedemo.testing.tasks.buyBookFailedTask","methodName":"performAs","fileName":"buyBookFailedTask.java","lineNumber":33,"format":1},{"classLoaderName":"app","declaringClass":"com.saucedemo.testing.stepdefinitions.PurchaseItemStepDefinition","methodName":"iSelectANonExistentBook","fileName":"PurchaseItemStepDefinition.java","lineNumber":73,"format":1},{"classLoaderName":"app","declaringClass":"cucumber.runner.Runner","methodName":"runPickle","fileName":"Runner.java","lineNumber":80,"format":1}],"rootCause":{"errorType":"org.openqa.selenium.NoSuchElementException","message":"no such element: Unable to locate element: {\"method\":\"css selector\",\"selector\":\".mr\\-2\"}\n  (Session info: chrome\u003d115.0.5790.171)\nFor documentation on this error, please visit: https://www.seleniumhq.org/exceptions/no_such_element.html\nBuild info: version: \u00273.141.59\u0027, revision: \u0027e82be7d358\u0027, time: \u00272018-11-14T08:17:03\u0027\nSystem info: host: \u0027DESKTOP-CBCTA9F\u0027, ip: \u0027192.168.0.186\u0027, os.name: \u0027Windows 10\u0027, os.arch: \u0027amd64\u0027, os.version: \u002710.0\u0027, java.version: \u002711.0.20\u0027\nDriver info: org.openqa.selenium.chrome.ChromeDriver\nCapabilities {acceptInsecureCerts: false, browserName: chrome, browserVersion: 115.0.5790.171, chrome: {chromedriverVersion: 115.0.5790.170 (cc0d30c2ca5..., userDataDir: C:\\Users\\Windows\\AppData\\Lo...}, goog:chromeOptions: {debuggerAddress: localhost:52845}, javascriptEnabled: true, networkConnectionEnabled: false, pageLoadStrategy: normal, platform: WINDOWS, platformName: WINDOWS, proxy: Proxy(), setWindowRect: true, strictFileInteractability: false, timeouts: {implicit: 0, pageLoad: 300000, script: 30000}, unhandledPromptBehavior: dismiss and notify, webauthn:extension:credBlob: true, webauthn:extension:largeBlob: true, webauthn:extension:minPinLength: true, webauthn:extension:prf: true, webauthn:virtualAuthenticators: true}\nSession ID: 51f4abcd1af2b4d0a34dd5de594e929b\n*** Element info: {Using\u003dclass name, value\u003dmr-2}","stackTrace":[{"classLoaderName":"app","declaringClass":"com.saucedemo.testing.tasks.buyBookFailedTask","methodName":"performAs","fileName":"buyBookFailedTask.java","lineNumber":33,"format":1},{"classLoaderName":"app","declaringClass":"com.saucedemo.testing.stepdefinitions.PurchaseItemStepDefinition","methodName":"iSelectANonExistentBook","fileName":"PurchaseItemStepDefinition.java","lineNumber":73,"format":1},{"classLoaderName":"app","declaringClass":"cucumber.runner.Runner","methodName":"runPickle","fileName":"Runner.java","lineNumber":80,"format":1}]}}},"result":"FAILURE","precondition":false,"level":2}]}]}],"userStory":{"id":"buy-fail-book","storyName":"Buy fail book","path":"src/test/resources/com.saucedemo.testing.features/purchaseFail.feature","narrative":"  make a fail purchase of a book","type":"feature"},"featureTag":{"name":"Features/Buy fail book","type":"feature","displayName":"Features/Buy fail book"},"title":"Purchase failed","backgroundTitle":"Login Successfully","backgroundDescription":"","startTime":"2023-08-26T07:46:51.826468-05:00[America/Bogota]","duration":28097,"testFailureCause":{"errorType":"net.thucydides.core.webdriver.exceptions.ElementShouldBeEnabledException","message":"Expected enabled element was not enabled","stackTrace":[{"classLoaderName":"app","declaringClass":"com.saucedemo.testing.tasks.buyBookFailedTask","methodName":"performAs","fileName":"buyBookFailedTask.java","lineNumber":33,"format":1},{"classLoaderName":"app","declaringClass":"com.saucedemo.testing.stepdefinitions.PurchaseItemStepDefinition","methodName":"iSelectANonExistentBook","fileName":"PurchaseItemStepDefinition.java","lineNumber":73,"format":1},{"classLoaderName":"app","declaringClass":"cucumber.runner.Runner","methodName":"runPickle","fileName":"Runner.java","lineNumber":80,"format":1}],"rootCause":{"errorType":"org.openqa.selenium.TimeoutException","message":"Expected condition failed: waiting for By.className: mr-2 to be enabled (tried for 5 second(s) with 100 milliseconds interval)","stackTrace":[{"classLoaderName":"app","declaringClass":"com.saucedemo.testing.tasks.buyBookFailedTask","methodName":"performAs","fileName":"buyBookFailedTask.java","lineNumber":33,"format":1},{"classLoaderName":"app","declaringClass":"com.saucedemo.testing.stepdefinitions.PurchaseItemStepDefinition","methodName":"iSelectANonExistentBook","fileName":"PurchaseItemStepDefinition.java","lineNumber":73,"format":1},{"classLoaderName":"app","declaringClass":"cucumber.runner.Runner","methodName":"runPickle","fileName":"Runner.java","lineNumber":80,"format":1}],"rootCause":{"errorType":"org.openqa.selenium.NoSuchElementException","message":"no such element: Unable to locate element: {\"method\":\"css selector\",\"selector\":\".mr\\-2\"}\n  (Session info: chrome\u003d115.0.5790.171)\nFor documentation on this error, please visit: https://www.seleniumhq.org/exceptions/no_such_element.html\nBuild info: version: \u00273.141.59\u0027, revision: \u0027e82be7d358\u0027, time: \u00272018-11-14T08:17:03\u0027\nSystem info: host: \u0027DESKTOP-CBCTA9F\u0027, ip: \u0027192.168.0.186\u0027, os.name: \u0027Windows 10\u0027, os.arch: \u0027amd64\u0027, os.version: \u002710.0\u0027, java.version: \u002711.0.20\u0027\nDriver info: org.openqa.selenium.chrome.ChromeDriver\nCapabilities {acceptInsecureCerts: false, browserName: chrome, browserVersion: 115.0.5790.171, chrome: {chromedriverVersion: 115.0.5790.170 (cc0d30c2ca5..., userDataDir: C:\\Users\\Windows\\AppData\\Lo...}, goog:chromeOptions: {debuggerAddress: localhost:52845}, javascriptEnabled: true, networkConnectionEnabled: false, pageLoadStrategy: normal, platform: WINDOWS, platformName: WINDOWS, proxy: Proxy(), setWindowRect: true, strictFileInteractability: false, timeouts: {implicit: 0, pageLoad: 300000, script: 30000}, unhandledPromptBehavior: dismiss and notify, webauthn:extension:credBlob: true, webauthn:extension:largeBlob: true, webauthn:extension:minPinLength: true, webauthn:extension:prf: true, webauthn:virtualAuthenticators: true}\nSession ID: 51f4abcd1af2b4d0a34dd5de594e929b\n*** Element info: {Using\u003dclass name, value\u003dmr-2}","stackTrace":[{"classLoaderName":"app","declaringClass":"com.saucedemo.testing.tasks.buyBookFailedTask","methodName":"performAs","fileName":"buyBookFailedTask.java","lineNumber":33,"format":1},{"classLoaderName":"app","declaringClass":"com.saucedemo.testing.stepdefinitions.PurchaseItemStepDefinition","methodName":"iSelectANonExistentBook","fileName":"PurchaseItemStepDefinition.java","lineNumber":73,"format":1},{"classLoaderName":"app","declaringClass":"cucumber.runner.Runner","methodName":"runPickle","fileName":"Runner.java","lineNumber":80,"format":1}]}}},"testFailureClassname":"net.thucydides.core.webdriver.exceptions.ElementShouldBeEnabledException","testFailureMessage":"Expected enabled element was not enabled","testFailureSummary":"FAILURE;net.thucydides.core.webdriver.exceptions.ElementShouldBeEnabledException;Expected enabled element was not enabled;buyBookFailedTask.java","projectKey":"","annotatedResult":"FAILURE","sessionId":"51f4abcd1af2b4d0a34dd5de594e929b","driver":"chrome","isManualTestingUpToDate":false,"manual":false,"testSource":"Cucumber","actors":[{"name":"userAutomation","can":["browse the web"]}],"result":"FAILURE"}